app/build/intermediates/manifest_merge_blame_file/debug/manifest-merger-blame-debug-report.txt
1<?xml version="1.0" encoding="utf-8"?>
2<manifest xmlns:android="http://schemas.android.com/apk/res/android"
3    package="com.bos.wms.mlkit"
4    android:versionCode="1"
5    android:versionName="1.0" >
6
7    <uses-sdk
8        android:minSdkVersion="24"
8-->src\main\AndroidManifest.xml
9        android:targetSdkVersion="33" />
9-->src\main\AndroidManifest.xml
10
11    <uses-permission android:name="android.permission.INTERNET" />
11-->src\main\AndroidManifest.xml:5:5-67
11-->src\main\AndroidManifest.xml:5:22-64
12    <uses-permission android:name="android.permission.ACCESS_WIFI_STATE" />
12-->src\main\AndroidManifest.xml:6:5-76
12-->src\main\AndroidManifest.xml:6:22-73
13    <uses-permission android:name="android.permission.BLUETOOTH" />
13-->src\main\AndroidManifest.xml:7:5-68
13-->src\main\AndroidManifest.xml:7:22-65
14    <uses-permission android:name="android.permission.BLUETOOTH_ADMIN" />
14-->src\main\AndroidManifest.xml:8:5-74
14-->src\main\AndroidManifest.xml:8:22-71
15    <uses-permission android:name="android.permission.ACCESS_COARSE_LOCATION" />
15-->src\main\AndroidManifest.xml:9:5-81
15-->src\main\AndroidManifest.xml:9:22-78
16    <uses-permission android:name="android.permission.ACCESS_FINE_LOCATION" />
16-->src\main\AndroidManifest.xml:10:5-79
16-->src\main\AndroidManifest.xml:10:22-76
17    <uses-permission android:name="android.permission.VIBRATE" />
17-->src\main\AndroidManifest.xml:11:5-66
17-->src\main\AndroidManifest.xml:11:22-63
18    <uses-permission
18-->src\main\AndroidManifest.xml:12:5-14:38
19        android:name="android.permission.WRITE_EXTERNAL_STORAGE"
19-->src\main\AndroidManifest.xml:13:9-65
20        android:maxSdkVersion="18" />
20-->src\main\AndroidManifest.xml:14:9-35
21    <uses-permission
21-->src\main\AndroidManifest.xml:15:5-17:38
22        android:name="android.permission.READ_EXTERNAL_STORAGE"
22-->src\main\AndroidManifest.xml:16:9-64
23        android:maxSdkVersion="18" />
23-->src\main\AndroidManifest.xml:17:9-35
24
25    <uses-feature android:name="android.hardware.camera.any" />
25-->src\main\AndroidManifest.xml:19:5-64
25-->src\main\AndroidManifest.xml:19:19-61
26    <uses-feature
26-->src\main\AndroidManifest.xml:20:5-22:35
27        android:name="android.hardware.camera"
27-->src\main\AndroidManifest.xml:21:9-47
28        android:required="true" />
28-->src\main\AndroidManifest.xml:22:9-32
29
30    <uses-permission android:name="android.permission.CAMERA" />
30-->src\main\AndroidManifest.xml:24:5-65
30-->src\main\AndroidManifest.xml:24:22-62
31
32    <queries>
32-->[androidx.camera:camera-extensions:1.1.0-beta01] AndroidManifest.xml:24:5-28:15
33        <intent>
33-->[androidx.camera:camera-extensions:1.1.0-beta01] AndroidManifest.xml:25:9-27:18
34            <action android:name="androidx.camera.extensions.action.VENDOR_ACTION" />
34-->[androidx.camera:camera-extensions:1.1.0-beta01] AndroidManifest.xml:26:13-86
34-->[androidx.camera:camera-extensions:1.1.0-beta01] AndroidManifest.xml:26:21-83
35        </intent>
36    </queries>
37
38    <uses-permission android:name="android.permission.ACCESS_NETWORK_STATE" />
38-->[com.google.firebase:firebase-iid:21.1.0] AndroidManifest.xml:22:5-79
38-->[com.google.firebase:firebase-iid:21.1.0] AndroidManifest.xml:22:22-76
39    <uses-permission android:name="android.permission.WAKE_LOCK" /> <!-- Required by older versions of Google Play services to create IID tokens -->
39-->[com.google.firebase:firebase-iid:21.1.0] AndroidManifest.xml:24:5-68
39-->[com.google.firebase:firebase-iid:21.1.0] AndroidManifest.xml:24:22-65
40    <uses-permission android:name="com.google.android.c2dm.permission.RECEIVE" />
40-->[com.google.firebase:firebase-iid:21.1.0] AndroidManifest.xml:26:5-82
40-->[com.google.firebase:firebase-iid:21.1.0] AndroidManifest.xml:26:22-79
41    <uses-permission android:name="com.google.android.finsky.permission.BIND_GET_INSTALL_REFERRER_SERVICE" />
41-->[com.google.android.gms:play-services-measurement:21.0.0] AndroidManifest.xml:26:5-110
41-->[com.google.android.gms:play-services-measurement:21.0.0] AndroidManifest.xml:26:22-107
42    <uses-permission android:name="com.google.android.gms.permission.AD_ID" />
42-->[com.google.android.gms:play-services-measurement-impl:21.0.0] AndroidManifest.xml:27:5-79
42-->[com.google.android.gms:play-services-measurement-impl:21.0.0] AndroidManifest.xml:27:22-76
43
44    <application
44-->src\main\AndroidManifest.xml:26:5-275:19
45        android:allowBackup="true"
45-->src\main\AndroidManifest.xml:27:9-35
46        android:appComponentFactory="androidx.core.app.CoreComponentFactory"
46-->[androidx.core:core:1.8.0] AndroidManifest.xml:24:18-86
47        android:debuggable="true"
48        android:extractNativeLibs="false"
49        android:icon="@mipmap/ic_launcher"
49-->src\main\AndroidManifest.xml:28:9-43
50        android:label="@string/app_name"
50-->src\main\AndroidManifest.xml:29:9-41
51        android:roundIcon="@mipmap/ic_launcher_round"
51-->src\main\AndroidManifest.xml:30:9-54
52        android:supportsRtl="true"
52-->src\main\AndroidManifest.xml:31:9-35
53        android:testOnly="true"
54        android:theme="@style/AppTheme"
54-->src\main\AndroidManifest.xml:32:9-40
55        android:usesCleartextTraffic="true" >
55-->src\main\AndroidManifest.xml:33:9-44
56        <activity
56-->src\main\AndroidManifest.xml:34:9-37:58
57            android:name="com.bos.wms.mlkit.app.tpo.TPOReceiveBinsActivity"
57-->src\main\AndroidManifest.xml:35:13-59
58            android:exported="false"
58-->src\main\AndroidManifest.xml:36:13-37
59            android:theme="@style/AppTheme.NoActionBar" />
59-->src\main\AndroidManifest.xml:37:13-56
60        <activity
60-->src\main\AndroidManifest.xml:38:9-41:59
61            android:name="com.bos.wms.mlkit.app.tpo.TPOCountBinsActivity"
61-->src\main\AndroidManifest.xml:39:13-57
62            android:exported="false"
62-->src\main\AndroidManifest.xml:40:13-37
63            android:theme="@style/AppTheme.NoActionBar" />
63-->src\main\AndroidManifest.xml:41:13-56
64        <activity
64-->src\main\AndroidManifest.xml:42:9-45:59
65            android:name="com.bos.wms.mlkit.app.tpo.TPOLoadBinsActivity"
65-->src\main\AndroidManifest.xml:43:13-56
66            android:exported="false"
66-->src\main\AndroidManifest.xml:44:13-37
67            android:theme="@style/AppTheme.NoActionBar" />
67-->src\main\AndroidManifest.xml:45:13-56
68        <activity
68-->src\main\AndroidManifest.xml:46:9-49:59
69            android:name="com.bos.wms.mlkit.app.tpo.TPOMainActivity"
69-->src\main\AndroidManifest.xml:47:13-52
70            android:exported="false"
70-->src\main\AndroidManifest.xml:48:13-37
71            android:theme="@style/AppTheme.NoActionBar" />
71-->src\main\AndroidManifest.xml:49:13-56
72        <activity
72-->src\main\AndroidManifest.xml:50:9-54:57
73            android:name="com.bos.wms.mlkit.app.tpo.TPOBinsActivity"
73-->src\main\AndroidManifest.xml:51:13-52
74            android:exported="false"
74-->src\main\AndroidManifest.xml:52:13-37
75            android:theme="@style/AppTheme.NoActionBar"
75-->src\main\AndroidManifest.xml:53:13-56
76            android:windowSoftInputMode="stateHidden" />
76-->src\main\AndroidManifest.xml:54:13-54
77        <activity
77-->src\main\AndroidManifest.xml:55:9-59:57
78            android:name="com.bos.wms.mlkit.app.UPCPricingOverrideActivity"
78-->src\main\AndroidManifest.xml:56:13-59
79            android:exported="false"
79-->src\main\AndroidManifest.xml:57:13-37
80            android:theme="@style/AppTheme.NoActionBar"
80-->src\main\AndroidManifest.xml:58:13-56
81            android:windowSoftInputMode="stateHidden" />
81-->src\main\AndroidManifest.xml:59:13-54
82        <activity
82-->src\main\AndroidManifest.xml:60:9-64:56
83            android:name="com.bos.wms.mlkit.app.UPCRecognitionPricingActivity"
83-->src\main\AndroidManifest.xml:61:13-62
84            android:exported="false"
84-->src\main\AndroidManifest.xml:62:13-37
85            android:theme="@style/AppTheme.NoActionBar"
85-->src\main\AndroidManifest.xml:63:13-56
86            android:windowSoftInputMode="stateHidden" />
86-->src\main\AndroidManifest.xml:64:13-54
87        <activity
87-->src\main\AndroidManifest.xml:65:9-67:40
88            android:name="com.bos.wms.mlkit.app.PasBrandOCRActivity"
88-->src\main\AndroidManifest.xml:66:13-52
89            android:exported="false" />
89-->src\main\AndroidManifest.xml:67:13-37
90        <activity
90-->src\main\AndroidManifest.xml:68:9-70:40
91            android:name="com.bos.wms.mlkit.app.BrandOCRActivity"
91-->src\main\AndroidManifest.xml:69:13-49
92            android:exported="false" />
92-->src\main\AndroidManifest.xml:70:13-37
93        <activity
93-->src\main\AndroidManifest.xml:71:9-74:57
94            android:name="com.bos.wms.mlkit.app.EmptyBoxActivity"
94-->src\main\AndroidManifest.xml:72:13-49
95            android:exported="false"
95-->src\main\AndroidManifest.xml:73:13-37
96            android:windowSoftInputMode="stateHidden" />
96-->src\main\AndroidManifest.xml:74:13-54
97        <activity
97-->src\main\AndroidManifest.xml:75:9-78:57
98            android:name="com.bos.wms.mlkit.app.ScanUPCsForBolActivity"
98-->src\main\AndroidManifest.xml:76:13-55
99            android:exported="false"
99-->src\main\AndroidManifest.xml:77:13-37
100            android:windowSoftInputMode="stateHidden" />
100-->src\main\AndroidManifest.xml:78:13-54
101        <activity
101-->src\main\AndroidManifest.xml:79:9-81:40
102            android:name="com.bos.wms.mlkit.app.BolRecognitionActivity"
102-->src\main\AndroidManifest.xml:80:13-55
103            android:exported="false" />
103-->src\main\AndroidManifest.xml:81:13-37
104
105        <provider
106            android:name="androidx.core.content.FileProvider"
106-->src\main\AndroidManifest.xml:84:13-62
107            android:authorities="com.bos.wms.mlkit.fileprovider"
107-->src\main\AndroidManifest.xml:85:13-64
108            android:exported="false"
108-->src\main\AndroidManifest.xml:86:13-37
109            android:grantUriPermissions="true" >
109-->src\main\AndroidManifest.xml:87:13-47
110            <meta-data
110-->src\main\AndroidManifest.xml:88:13-90:54
111                android:name="android.support.FILE_PROVIDER_PATHS"
111-->src\main\AndroidManifest.xml:89:17-67
112                android:resource="@xml/file_paths" />
112-->src\main\AndroidManifest.xml:90:17-51
113        </provider>
114
115        <activity
115-->src\main\AndroidManifest.xml:93:9-96:63
116            android:name="com.bos.wms.mlkit.app.bosApp.PutAwayActivity"
116-->src\main\AndroidManifest.xml:94:13-55
117            android:label="Put Away"
117-->src\main\AndroidManifest.xml:95:13-37
118            android:windowSoftInputMode="stateAlwaysHidden" />
118-->src\main\AndroidManifest.xml:96:13-60
119        <activity
119-->src\main\AndroidManifest.xml:97:9-100:63
120            android:name="com.bos.wms.mlkit.app.bosApp.ScanRackPutAwayActivity"
120-->src\main\AndroidManifest.xml:98:13-63
121            android:label="Scan Rack Put Away"
121-->src\main\AndroidManifest.xml:99:13-47
122            android:windowSoftInputMode="stateAlwaysHidden" />
122-->src\main\AndroidManifest.xml:100:13-60
123        <activity
123-->src\main\AndroidManifest.xml:101:9-104:63
124            android:name="com.bos.wms.mlkit.app.bosApp.Transfer.TransferReceivingDCActivity"
124-->src\main\AndroidManifest.xml:102:13-76
125            android:label="Transfer Receiving DC"
125-->src\main\AndroidManifest.xml:103:13-50
126            android:windowSoftInputMode="stateAlwaysHidden" />
126-->src\main\AndroidManifest.xml:104:13-60
127        <activity
127-->src\main\AndroidManifest.xml:105:9-108:63
128            android:name="com.bos.wms.mlkit.app.bosApp.Transfer.TransferReceivingActivity"
128-->src\main\AndroidManifest.xml:106:13-74
129            android:label="Transfer Receiving"
129-->src\main\AndroidManifest.xml:107:13-47
130            android:windowSoftInputMode="stateAlwaysHidden" />
130-->src\main\AndroidManifest.xml:108:13-60
131        <activity
131-->src\main\AndroidManifest.xml:109:9-112:63
132            android:name="com.bos.wms.mlkit.app.bosApp.Transfer.ScanTransferReceivingActivity"
132-->src\main\AndroidManifest.xml:110:13-78
133            android:label="Scan Transfer Receiving"
133-->src\main\AndroidManifest.xml:111:13-52
134            android:windowSoftInputMode="stateAlwaysHidden" />
134-->src\main\AndroidManifest.xml:112:13-60
135        <activity
135-->src\main\AndroidManifest.xml:113:9-116:63
136            android:name="com.bos.wms.mlkit.app.bosApp.Transfer.TransferActivity"
136-->src\main\AndroidManifest.xml:114:13-65
137            android:label="Transfer Type"
137-->src\main\AndroidManifest.xml:115:13-42
138            android:windowSoftInputMode="stateAlwaysHidden" />
138-->src\main\AndroidManifest.xml:116:13-60
139        <activity
139-->src\main\AndroidManifest.xml:117:9-120:63
140            android:name="com.bos.wms.mlkit.app.bosApp.Transfer.ShipmentActivity"
140-->src\main\AndroidManifest.xml:118:13-65
141            android:label="Transfer Shipment"
141-->src\main\AndroidManifest.xml:119:13-46
142            android:windowSoftInputMode="stateAlwaysHidden" />
142-->src\main\AndroidManifest.xml:120:13-60
143        <activity android:name="com.bos.wms.mlkit.app.NextReceivingStatusActivity" />
143-->src\main\AndroidManifest.xml:121:9-69
143-->src\main\AndroidManifest.xml:121:19-66
144        <activity
144-->src\main\AndroidManifest.xml:122:9-125:63
145            android:name="com.bos.wms.mlkit.app.bosApp.PackingDCActivity"
145-->src\main\AndroidManifest.xml:123:13-57
146            android:label="@string/title_activity_packing_dc"
146-->src\main\AndroidManifest.xml:124:13-62
147            android:windowSoftInputMode="stateAlwaysHidden" />
147-->src\main\AndroidManifest.xml:125:13-60
148        <activity
148-->src\main\AndroidManifest.xml:126:9-129:63
149            android:name="com.bos.wms.mlkit.app.bosApp.StockTakeCountActivity"
149-->src\main\AndroidManifest.xml:127:13-62
150            android:label="@string/title_activity_stock_count"
150-->src\main\AndroidManifest.xml:128:13-63
151            android:windowSoftInputMode="stateAlwaysHidden" />
151-->src\main\AndroidManifest.xml:129:13-60
152        <activity
152-->src\main\AndroidManifest.xml:130:9-133:63
153            android:name="com.bos.wms.mlkit.app.bosApp.ScanForCountStockTakeActivity"
153-->src\main\AndroidManifest.xml:131:13-69
154            android:label="@string/title_activity_scan_count_stock_ake"
154-->src\main\AndroidManifest.xml:132:13-72
155            android:windowSoftInputMode="stateAlwaysHidden" />
155-->src\main\AndroidManifest.xml:133:13-60
156        <activity
156-->src\main\AndroidManifest.xml:134:9-137:63
157            android:name="com.bos.wms.mlkit.app.bosApp.ScanRackStockTakeActivity"
157-->src\main\AndroidManifest.xml:135:13-65
158            android:label="@string/title_activity_scan_rack_count_stock_ake"
158-->src\main\AndroidManifest.xml:136:13-77
159            android:windowSoftInputMode="stateAlwaysHidden" />
159-->src\main\AndroidManifest.xml:137:13-60
160        <activity
160-->src\main\AndroidManifest.xml:138:9-141:63
161            android:name="com.bos.wms.mlkit.app.bosApp.CheckingActivity"
161-->src\main\AndroidManifest.xml:139:13-56
162            android:label="@string/title_activity_checking_dc"
162-->src\main\AndroidManifest.xml:140:13-63
163            android:windowSoftInputMode="stateAlwaysHidden" />
163-->src\main\AndroidManifest.xml:141:13-60
164        <activity
164-->src\main\AndroidManifest.xml:142:9-145:63
165            android:name="com.bos.wms.mlkit.app.bosApp.ScanBinForCheckingActivity"
165-->src\main\AndroidManifest.xml:143:13-66
166            android:label="@string/title_activity_scan_checking"
166-->src\main\AndroidManifest.xml:144:13-65
167            android:windowSoftInputMode="stateAlwaysHidden" />
167-->src\main\AndroidManifest.xml:145:13-60
168        <activity
168-->src\main\AndroidManifest.xml:146:9-149:63
169            android:name="com.bos.wms.mlkit.app.bosApp.StockTakeDCActivity"
169-->src\main\AndroidManifest.xml:147:13-59
170            android:label="@string/title_activity_stock_take_dc"
170-->src\main\AndroidManifest.xml:148:13-65
171            android:windowSoftInputMode="stateAlwaysHidden" />
171-->src\main\AndroidManifest.xml:149:13-60
172        <activity
172-->src\main\AndroidManifest.xml:150:9-153:63
173            android:name="com.bos.wms.mlkit.app.bosApp.CountActivity"
173-->src\main\AndroidManifest.xml:151:13-53
174            android:label="Count"
174-->src\main\AndroidManifest.xml:152:13-34
175            android:windowSoftInputMode="stateAlwaysHidden" />
175-->src\main\AndroidManifest.xml:153:13-60
176        <activity
176-->src\main\AndroidManifest.xml:154:9-157:63
177            android:name="com.bos.wms.mlkit.app.bosApp.ScanBoxForStockTakeActivity"
177-->src\main\AndroidManifest.xml:155:13-67
178            android:label="@string/title_activity_scan_box_stock_dc"
178-->src\main\AndroidManifest.xml:156:13-69
179            android:windowSoftInputMode="stateAlwaysHidden" />
179-->src\main\AndroidManifest.xml:157:13-60
180        <activity
180-->src\main\AndroidManifest.xml:158:9-161:63
181            android:name="com.bos.wms.mlkit.app.bosApp.StockTakeActivity"
181-->src\main\AndroidManifest.xml:159:13-57
182            android:label="@string/title_activity_stock_take"
182-->src\main\AndroidManifest.xml:160:13-62
183            android:windowSoftInputMode="stateAlwaysHidden" />
183-->src\main\AndroidManifest.xml:161:13-60
184        <activity
184-->src\main\AndroidManifest.xml:162:9-165:63
185            android:name="com.bos.wms.mlkit.app.bosApp.ScanBinForCountActivity"
185-->src\main\AndroidManifest.xml:163:13-63
186            android:label="@string/title_activity_scan_count"
186-->src\main\AndroidManifest.xml:164:13-62
187            android:windowSoftInputMode="stateAlwaysHidden" />
187-->src\main\AndroidManifest.xml:165:13-60
188        <activity
188-->src\main\AndroidManifest.xml:166:9-169:63
189            android:name="com.bos.wms.mlkit.app.bosApp.ScanContainerActivity"
189-->src\main\AndroidManifest.xml:167:13-61
190            android:label="@string/title_activity_scan_container"
190-->src\main\AndroidManifest.xml:168:13-66
191            android:windowSoftInputMode="stateAlwaysHidden" />
191-->src\main\AndroidManifest.xml:169:13-60
192        <activity
192-->src\main\AndroidManifest.xml:170:9-173:63
193            android:name="com.bos.wms.mlkit.app.bosApp.PrinterSelectionActivity"
193-->src\main\AndroidManifest.xml:171:13-64
194            android:label="@string/title_activity_printer_selection"
194-->src\main\AndroidManifest.xml:172:13-69
195            android:windowSoftInputMode="stateAlwaysHidden" />
195-->src\main\AndroidManifest.xml:173:13-60
196        <activity
196-->src\main\AndroidManifest.xml:174:9-177:63
197            android:name="com.bos.wms.mlkit.app.bosApp.PackingReasonActivity"
197-->src\main\AndroidManifest.xml:175:13-61
198            android:label="@string/title_activity_packing_reason"
198-->src\main\AndroidManifest.xml:176:13-66
199            android:windowSoftInputMode="stateAlwaysHidden" />
199-->src\main\AndroidManifest.xml:177:13-60
200        <activity
200-->src\main\AndroidManifest.xml:178:9-182:63
201            android:name="com.bos.wms.mlkit.app.bosApp.PackingActivity"
201-->src\main\AndroidManifest.xml:179:13-55
202            android:label="@string/title_activity_packing_dc"
202-->src\main\AndroidManifest.xml:180:13-62
203            android:theme="@style/AppTheme.NoActionBar"
203-->src\main\AndroidManifest.xml:181:13-56
204            android:windowSoftInputMode="stateAlwaysHidden" />
204-->src\main\AndroidManifest.xml:182:13-60
205        <activity
205-->src\main\AndroidManifest.xml:183:9-187:63
206            android:name="com.bos.wms.mlkit.app.bosApp.StockTakeRackDCActivity"
206-->src\main\AndroidManifest.xml:184:13-63
207            android:label="Stock Take Rack DC"
207-->src\main\AndroidManifest.xml:185:13-47
208            android:theme="@style/AppTheme.NoActionBar"
208-->src\main\AndroidManifest.xml:186:13-56
209            android:windowSoftInputMode="stateAlwaysHidden" />
209-->src\main\AndroidManifest.xml:187:13-60
210        <activity
210-->src\main\AndroidManifest.xml:188:9-192:63
211            android:name="com.bos.wms.mlkit.app.PickingActivity"
211-->src\main\AndroidManifest.xml:189:13-48
212            android:label="@string/title_activity_picking"
212-->src\main\AndroidManifest.xml:190:13-59
213            android:theme="@style/AppTheme.NoActionBar"
213-->src\main\AndroidManifest.xml:191:13-56
214            android:windowSoftInputMode="stateAlwaysHidden" />
214-->src\main\AndroidManifest.xml:192:13-60
215        <activity
215-->src\main\AndroidManifest.xml:193:9-197:63
216            android:name="com.bos.wms.mlkit.app.LocationCheckActivity"
216-->src\main\AndroidManifest.xml:194:13-54
217            android:label="Location Check"
217-->src\main\AndroidManifest.xml:195:13-43
218            android:theme="@style/AppTheme.NoActionBar"
218-->src\main\AndroidManifest.xml:196:13-56
219            android:windowSoftInputMode="stateAlwaysHidden" />
219-->src\main\AndroidManifest.xml:197:13-60
220        <activity
220-->src\main\AndroidManifest.xml:198:9-202:63
221            android:name="com.bos.wms.mlkit.app.PutAwayPalleteActivity"
221-->src\main\AndroidManifest.xml:199:13-55
222            android:label="Put Away Pallete"
222-->src\main\AndroidManifest.xml:200:13-45
223            android:theme="@style/AppTheme.NoActionBar"
223-->src\main\AndroidManifest.xml:201:13-56
224            android:windowSoftInputMode="stateAlwaysHidden" />
224-->src\main\AndroidManifest.xml:202:13-60
225        <activity
225-->src\main\AndroidManifest.xml:203:9-207:63
226            android:name="com.bos.wms.mlkit.app.ShipmentPalleteReceivingActivity"
226-->src\main\AndroidManifest.xml:204:13-65
227            android:label="Shipment Pallete Receiving"
227-->src\main\AndroidManifest.xml:205:13-55
228            android:theme="@style/AppTheme.NoActionBar"
228-->src\main\AndroidManifest.xml:206:13-56
229            android:windowSoftInputMode="stateAlwaysHidden" />
229-->src\main\AndroidManifest.xml:207:13-60
230        <activity
230-->src\main\AndroidManifest.xml:208:9-212:63
231            android:name="com.bos.wms.mlkit.app.ShipmentCartonReceivingActivity"
231-->src\main\AndroidManifest.xml:209:13-64
232            android:label="Shipment Carton Receiving"
232-->src\main\AndroidManifest.xml:210:13-54
233            android:theme="@style/AppTheme.NoActionBar"
233-->src\main\AndroidManifest.xml:211:13-56
234            android:windowSoftInputMode="stateAlwaysHidden" />
234-->src\main\AndroidManifest.xml:212:13-60
235        <activity
235-->src\main\AndroidManifest.xml:213:9-217:63
236            android:name="com.bos.wms.mlkit.app.ShipmentCartonReceivingV2Activity"
236-->src\main\AndroidManifest.xml:214:13-66
237            android:label="Shipment Carton Receiving V2"
237-->src\main\AndroidManifest.xml:215:13-57
238            android:theme="@style/AppTheme.NoActionBar"
238-->src\main\AndroidManifest.xml:216:13-56
239            android:windowSoftInputMode="stateAlwaysHidden" />
239-->src\main\AndroidManifest.xml:217:13-60
240        <activity
240-->src\main\AndroidManifest.xml:218:9-222:63
241            android:name="com.bos.wms.mlkit.app.ShipmentCartonCountReceivingActivity"
241-->src\main\AndroidManifest.xml:219:13-69
242            android:label="Shipment Receiving Carton Count"
242-->src\main\AndroidManifest.xml:220:13-60
243            android:theme="@style/AppTheme.NoActionBar"
243-->src\main\AndroidManifest.xml:221:13-56
244            android:windowSoftInputMode="stateAlwaysHidden" />
244-->src\main\AndroidManifest.xml:222:13-60
245        <activity
245-->src\main\AndroidManifest.xml:223:9-227:63
246            android:name="com.bos.wms.mlkit.app.FoldingScanActivity"
246-->src\main\AndroidManifest.xml:224:13-52
247            android:label="Folding Scan"
247-->src\main\AndroidManifest.xml:225:13-41
248            android:theme="@style/AppTheme.NoActionBar"
248-->src\main\AndroidManifest.xml:226:13-56
249            android:windowSoftInputMode="stateAlwaysHidden" />
249-->src\main\AndroidManifest.xml:227:13-60
250        <activity
250-->src\main\AndroidManifest.xml:228:9-232:57
251            android:name="com.bos.wms.mlkit.app.UPCPricingActivity"
251-->src\main\AndroidManifest.xml:229:13-51
252            android:label="UPC Pricing"
252-->src\main\AndroidManifest.xml:230:13-40
253            android:theme="@style/AppTheme.NoActionBar"
253-->src\main\AndroidManifest.xml:231:13-56
254            android:windowSoftInputMode="stateHidden" />
254-->src\main\AndroidManifest.xml:232:13-54
255        <activity
255-->src\main\AndroidManifest.xml:233:9-237:63
256            android:name="com.bos.wms.mlkit.app.PGPricingActivity"
256-->src\main\AndroidManifest.xml:234:13-50
257            android:label="PG Pricing"
257-->src\main\AndroidManifest.xml:235:13-39
258            android:theme="@style/AppTheme.NoActionBar"
258-->src\main\AndroidManifest.xml:236:13-56
259            android:windowSoftInputMode="stateAlwaysHidden" />
259-->src\main\AndroidManifest.xml:237:13-60
260        <activity
260-->src\main\AndroidManifest.xml:238:9-242:63
261            android:name="com.bos.wms.mlkit.app.ItemSerialMissingActivity"
261-->src\main\AndroidManifest.xml:239:13-58
262            android:label="Missing Item"
262-->src\main\AndroidManifest.xml:240:13-41
263            android:theme="@style/AppTheme.NoActionBar"
263-->src\main\AndroidManifest.xml:241:13-56
264            android:windowSoftInputMode="stateAlwaysHidden" />
264-->src\main\AndroidManifest.xml:242:13-60
265        <activity
265-->src\main\AndroidManifest.xml:243:9-247:63
266            android:name="com.bos.wms.mlkit.app.ItemSerialUPCMissingActivity"
266-->src\main\AndroidManifest.xml:244:13-61
267            android:label="Missing Item"
267-->src\main\AndroidManifest.xml:245:13-41
268            android:theme="@style/AppTheme.NoActionBar"
268-->src\main\AndroidManifest.xml:246:13-56
269            android:windowSoftInputMode="stateAlwaysHidden" />
269-->src\main\AndroidManifest.xml:247:13-60
270        <activity
270-->src\main\AndroidManifest.xml:248:9-251:59
271            android:name="com.bos.wms.mlkit.app.SerialGeneratorActivity"
271-->src\main\AndroidManifest.xml:249:13-56
272            android:label="Serial Generator"
272-->src\main\AndroidManifest.xml:250:13-45
273            android:theme="@style/AppTheme.NoActionBar" />
273-->src\main\AndroidManifest.xml:251:13-56
274        <activity
274-->src\main\AndroidManifest.xml:252:9-256:63
275            android:name="com.bos.wms.mlkit.app.NewItemPricingActivity"
275-->src\main\AndroidManifest.xml:253:13-55
276            android:label="Item Pricing"
276-->src\main\AndroidManifest.xml:254:13-41
277            android:theme="@style/AppTheme.NoActionBar"
277-->src\main\AndroidManifest.xml:255:13-56
278            android:windowSoftInputMode="stateAlwaysHidden" />
278-->src\main\AndroidManifest.xml:256:13-60
279        <activity
279-->src\main\AndroidManifest.xml:257:9-261:63
280            android:name="com.bos.wms.mlkit.app.FillPalleteActivity"
280-->src\main\AndroidManifest.xml:258:13-52
281            android:label="Fill Pallete Activity"
281-->src\main\AndroidManifest.xml:259:13-50
282            android:theme="@style/AppTheme.NoActionBar"
282-->src\main\AndroidManifest.xml:260:13-56
283            android:windowSoftInputMode="stateAlwaysHidden" />
283-->src\main\AndroidManifest.xml:261:13-60
284        <activity
284-->src\main\AndroidManifest.xml:262:9-264:64
285            android:name="com.bos.wms.mlkit.app.MainMenu"
285-->src\main\AndroidManifest.xml:263:13-41
286            android:label="@string/title_activity_main_menu" />
286-->src\main\AndroidManifest.xml:264:13-61
287        <activity
287-->src\main\AndroidManifest.xml:265:9-274:20
288            android:name="com.bos.wms.mlkit.ui.login.LoginActivity"
288-->src\main\AndroidManifest.xml:266:13-51
289            android:exported="true"
289-->src\main\AndroidManifest.xml:267:13-36
290            android:label="@string/title_activity_login" >
290-->src\main\AndroidManifest.xml:268:13-57
291            <intent-filter>
291-->src\main\AndroidManifest.xml:269:13-273:29
292                <action android:name="android.intent.action.MAIN" />
292-->src\main\AndroidManifest.xml:270:17-69
292-->src\main\AndroidManifest.xml:270:25-66
293
294                <category android:name="android.intent.category.LAUNCHER" />
294-->src\main\AndroidManifest.xml:272:17-77
294-->src\main\AndroidManifest.xml:272:27-74
295            </intent-filter>
296        </activity>
297
298        <uses-library
298-->[androidx.camera:camera-extensions:1.1.0-beta01] AndroidManifest.xml:31:9-33:40
299            android:name="androidx.camera.extensions.impl"
299-->[androidx.camera:camera-extensions:1.1.0-beta01] AndroidManifest.xml:32:13-59
300            android:required="false" />
300-->[androidx.camera:camera-extensions:1.1.0-beta01] AndroidManifest.xml:33:13-37
301
302        <service
302-->[androidx.camera:camera-camera2:1.2.0-alpha04] AndroidManifest.xml:24:9-33:19
303            android:name="androidx.camera.core.impl.MetadataHolderService"
303-->[androidx.camera:camera-camera2:1.2.0-alpha04] AndroidManifest.xml:25:13-75
304            android:enabled="false"
304-->[androidx.camera:camera-camera2:1.2.0-alpha04] AndroidManifest.xml:26:13-36
305            android:exported="false" >
305-->[androidx.camera:camera-camera2:1.2.0-alpha04] AndroidManifest.xml:27:13-37
306            <meta-data
306-->[androidx.camera:camera-camera2:1.2.0-alpha04] AndroidManifest.xml:30:13-32:89